2026-02-27 10:30:27 | LLMService | ERROR | Extraction failed with lm_studio: 3 validation errors for QueryAnalysis
entities.3
  Input should be a valid string [type=string_type, input_value=[], input_type=list]
    For further information visit https://errors.pydantic.dev/2.12/v/string_type
entities.4
  Input should be a valid string [type=string_type, input_value={'keywords': ["These Boot...estion_attribute': None}, input_type=dict]
    For further information visit https://errors.pydantic.dev/2.12/v/string_type
requires_recent_context
  Field required [type=missing, input_value={'intent': 'search', 'is_...tion_attribute': None}]}, input_type=dict]
    For further information visit https://errors.pydantic.dev/2.12/v/missing
2026-02-27 10:30:27 | LLMService | ERROR | Query analysis failed: Empty extraction result
2026-02-27 11:09:31 | LLMService | ERROR | Extraction failed with lm_studio: 3 validation errors for QueryAnalysis
entities.3
  Input should be a valid string [type=string_type, input_value=[], input_type=list]
    For further information visit https://errors.pydantic.dev/2.12/v/string_type
entities.4
  Input should be a valid string [type=string_type, input_value={'keywords': ['wrote', 'M...estion_attribute': None}, input_type=dict]
    For further information visit https://errors.pydantic.dev/2.12/v/string_type
requires_recent_context
  Field required [type=missing, input_value={'intent': 'search', 'is_...tion_attribute': None}]}, input_type=dict]
    For further information visit https://errors.pydantic.dev/2.12/v/missing
2026-02-27 11:09:31 | LLMService | ERROR | Query analysis failed: Empty extraction result
2026-02-27 11:09:43 | LLMService | ERROR | Extraction failed with lm_studio: 3 validation errors for QueryAnalysis
entities.3
  Input should be a valid string [type=string_type, input_value=[], input_type=list]
    For further information visit https://errors.pydantic.dev/2.12/v/string_type
entities.4
  Input should be a valid string [type=string_type, input_value={'keywords': ['wrote', 'M...estion_attribute': None}, input_type=dict]
    For further information visit https://errors.pydantic.dev/2.12/v/string_type
requires_recent_context
  Field required [type=missing, input_value={'intent': 'search', 'is_...tion_attribute': None}]}, input_type=dict]
    For further information visit https://errors.pydantic.dev/2.12/v/missing
2026-02-27 11:09:43 | LLMService | ERROR | Query analysis failed: Empty extraction result
2026-02-27 11:09:54 | LLMService | ERROR | Extraction failed with lm_studio: 3 validation errors for QueryAnalysis
keywords.4
  Input should be a valid string [type=string_type, input_value=False, input_type=bool]
    For further information visit https://errors.pydantic.dev/2.12/v/string_type
keywords.5
  Input should be a valid string [type=string_type, input_value={'expected_entity_types':...estion_attribute': None}, input_type=dict]
    For further information visit https://errors.pydantic.dev/2.12/v/string_type
requires_recent_context
  Field required [type=missing, input_value={'intent': 'search', 'is_...tion_attribute': None}]}, input_type=dict]
    For further information visit https://errors.pydantic.dev/2.12/v/missing
2026-02-27 11:09:54 | LLMService | ERROR | Query analysis failed: Empty extraction result
2026-02-27 11:20:51 | LLMService | ERROR | Extraction failed with lm_studio: 3 validation errors for QueryAnalysis
entities.3
  Input should be a valid string [type=string_type, input_value=[], input_type=list]
    For further information visit https://errors.pydantic.dev/2.12/v/string_type
entities.4
  Input should be a valid string [type=string_type, input_value={'keywords': ['formation ...tion_attribute': None}]}, input_type=dict]
    For further information visit https://errors.pydantic.dev/2.12/v/string_type
requires_recent_context
  Field required [type=missing, input_value={'intent': 'search', 'is_...on_attribute': None}]}]}, input_type=dict]
    For further information visit https://errors.pydantic.dev/2.12/v/missing
2026-02-27 11:20:51 | LLMService | ERROR | Query analysis failed: Empty extraction result
